
pr2_b.elf:     file format elf32-littleriscv
pr2_b.elf
architecture: riscv:rv32, flags 0x00000112:
EXEC_P, HAS_SYMS, D_PAGED
start address 0x00000000

Program Header:
    LOAD off    0x00001000 vaddr 0x00000000 paddr 0x00000000 align 2**12
         filesz 0x00000078 memsz 0x00000078 flags r-x
    LOAD off    0x00002000 vaddr 0x00010000 paddr 0x00010000 align 2**12
         filesz 0x00000020 memsz 0x00000048 flags rw-

Sections:
Idx Name              Size      VMA       LMA       File off  Algn  Flags
  0 .text             00000078  00000000  00000000  00001000  2**2  CONTENTS, ALLOC, LOAD, READONLY, CODE
  1 .data             00000020  00010000  00010000  00002000  2**0  CONTENTS, ALLOC, LOAD, DATA
  2 .bss              00000028  00010020  00010020  00002020  2**0  ALLOC
  3 .riscv.attributes 0000001f  00000000  00000000  00002020  2**0  CONTENTS, READONLY
  4 .debug_line       000000d9  00000000  00000000  0000203f  2**0  CONTENTS, READONLY, DEBUGGING, OCTETS
  5 .debug_info       00000026  00000000  00000000  00002118  2**0  CONTENTS, READONLY, DEBUGGING, OCTETS
  6 .debug_abbrev     00000014  00000000  00000000  0000213e  2**0  CONTENTS, READONLY, DEBUGGING, OCTETS
  7 .debug_aranges    00000020  00000000  00000000  00002158  2**3  CONTENTS, READONLY, DEBUGGING, OCTETS
  8 .debug_str        0000004b  00000000  00000000  00002178  2**0  CONTENTS, READONLY, DEBUGGING, OCTETS
SYMBOL TABLE:
00000000 l    d  .text	00000000 .text
00010000 l    d  .data	00000000 .data
00010020 l    d  .bss	00000000 .bss
00000000 l    d  .riscv.attributes	00000000 .riscv.attributes
00000000 l    d  .debug_line	00000000 .debug_line
00000000 l    d  .debug_info	00000000 .debug_info
00000000 l    d  .debug_abbrev	00000000 .debug_abbrev
00000000 l    d  .debug_aranges	00000000 .debug_aranges
00000000 l    d  .debug_str	00000000 .debug_str
00000000 l    df *ABS*	00000000 ./pr2_b.o
00000008 l       *ABS*	00000000 N
00010000 l       *ABS*	00000000 INT_MAX
00010000 l       .data	00000000 V
00010020 l       .bss	00000000 W
00010040 l       .bss	00000000 min
00010044 l       .bss	00000000 ind
00000024 l       .text	00000000 for1
00000074 l       .text	00000000 fin
0000002c l       .text	00000000 for2
00000050 l       .text	00000000 save
0000003c l       .text	00000000 if
00000048 l       .text	00000000 sumai
00000000 g       .text	00000000 main
00020000 g       *ABS*	00000000 _stack



Disassembly of section .text:

00000000 <main>:
main():
D:\FC2practicasWS_2025\FC2practicasWS\pr2_b\Debug/../pr2_b.asm:48
ind: .space 4

.text
main :
// codificar
la s0, min // direccion del minimo en memoria
   0:	00010417          	auipc	s0,0x10
   4:	04040413          	addi	s0,s0,64 # 10040 <min>
D:\FC2practicasWS_2025\FC2practicasWS\pr2_b\Debug/../pr2_b.asm:49
la s1, W // direccion base W
   8:	00010497          	auipc	s1,0x10
   c:	01848493          	addi	s1,s1,24 # 10020 <W>
D:\FC2practicasWS_2025\FC2practicasWS\pr2_b\Debug/../pr2_b.asm:50
la s2, V // direccion base V
  10:	00010917          	auipc	s2,0x10
  14:	ff090913          	addi	s2,s2,-16 # 10000 <INT_MAX>
D:\FC2practicasWS_2025\FC2practicasWS\pr2_b\Debug/../pr2_b.asm:52
// t1 y t0  son reservados para index y min
li t0, INT_MAX  //en t0 almacenaremos el minimo  min = int max
  18:	000102b7          	lui	t0,0x10
D:\FC2practicasWS_2025\FC2practicasWS\pr2_b\Debug/../pr2_b.asm:53
li t3, 0 // t3 == j
  1c:	00000e13          	li	t3,0
D:\FC2practicasWS_2025\FC2practicasWS\pr2_b\Debug/../pr2_b.asm:54
li t5, N // t5 == N = 8
  20:	00800f13          	li	t5,8

00000024 <for1>:
for1():
D:\FC2practicasWS_2025\FC2practicasWS\pr2_b\Debug/../pr2_b.asm:56

for1: bge t3, t5, fin
  24:	05ee5863          	bge	t3,t5,74 <fin>
D:\FC2practicasWS_2025\FC2practicasWS\pr2_b\Debug/../pr2_b.asm:57
	li t4, 0 // t4 == i
  28:	00000e93          	li	t4,0

0000002c <for2>:
for2():
D:\FC2practicasWS_2025\FC2practicasWS\pr2_b\Debug/../pr2_b.asm:58
	for2: bge t4, t5, save
  2c:	03eed263          	bge	t4,t5,50 <save>
D:\FC2practicasWS_2025\FC2practicasWS\pr2_b\Debug/../pr2_b.asm:59
    	slli t6,t4,2 // t6=t4*4=i*4
  30:	002e9f93          	slli	t6,t4,0x2
D:\FC2practicasWS_2025\FC2practicasWS\pr2_b\Debug/../pr2_b.asm:60
    	add t6, s2, t6 // t6= direccion base + offset
  34:	01f90fb3          	add	t6,s2,t6
D:\FC2practicasWS_2025\FC2practicasWS\pr2_b\Debug/../pr2_b.asm:61
    	lw a0, 0(t6)  // a0= V[i]
  38:	000fa503          	lw	a0,0(t6)

0000003c <if>:
if():
D:\FC2practicasWS_2025\FC2practicasWS\pr2_b\Debug/../pr2_b.asm:63

    	if: bge a0, t0, sumai
  3c:	00555663          	bge	a0,t0,48 <sumai>
D:\FC2practicasWS_2025\FC2practicasWS\pr2_b\Debug/../pr2_b.asm:64
    			add t0, a0, x0 //t0=nuevo min
  40:	000502b3          	add	t0,a0,zero
D:\FC2practicasWS_2025\FC2practicasWS\pr2_b\Debug/../pr2_b.asm:65
    			mv t1, t4 //index=i
  44:	000e8313          	mv	t1,t4

00000048 <sumai>:
sumai():
D:\FC2practicasWS_2025\FC2practicasWS\pr2_b\Debug/../pr2_b.asm:68

     	sumai:
     		addi t4, t4, 1 // i++
  48:	001e8e93          	addi	t4,t4,1
D:\FC2practicasWS_2025\FC2practicasWS\pr2_b\Debug/../pr2_b.asm:70

    	j for2
  4c:	fe1ff06f          	j	2c <for2>

00000050 <save>:
save():
D:\FC2practicasWS_2025\FC2practicasWS\pr2_b\Debug/../pr2_b.asm:73

	save:
		slli t6,t3,2 // t6=t5*4=j*4
  50:	002e1f93          	slli	t6,t3,0x2
D:\FC2practicasWS_2025\FC2practicasWS\pr2_b\Debug/../pr2_b.asm:74
    	add t6, s1, t6 // t6= direccion base + offset
  54:	01f48fb3          	add	t6,s1,t6
D:\FC2practicasWS_2025\FC2practicasWS\pr2_b\Debug/../pr2_b.asm:75
    	sw t0, 0(t6) // W [ j ] = V [ index ]= min;
  58:	005fa023          	sw	t0,0(t6)
D:\FC2practicasWS_2025\FC2practicasWS\pr2_b\Debug/../pr2_b.asm:76
    	li t0, INT_MAX  //en t0 almacenaremos el minimo  min = int max
  5c:	000102b7          	lui	t0,0x10
D:\FC2practicasWS_2025\FC2practicasWS\pr2_b\Debug/../pr2_b.asm:77
    	slli t6,t1,2 // t6=index*4
  60:	00231f93          	slli	t6,t1,0x2
D:\FC2practicasWS_2025\FC2practicasWS\pr2_b\Debug/../pr2_b.asm:78
    	add t1,s2, t6//podemos sobreescirbir t1 porque el if en donde t1 vuelve a tomar un valor siempre se ejecuta, si no podriamos pasarlo a t2
  64:	01f90333          	add	t1,s2,t6
D:\FC2practicasWS_2025\FC2practicasWS\pr2_b\Debug/../pr2_b.asm:79
    	sw t0, 0(t1)
  68:	00532023          	sw	t0,0(t1)
D:\FC2practicasWS_2025\FC2practicasWS\pr2_b\Debug/../pr2_b.asm:80
		addi t3, t3, 1 // j++
  6c:	001e0e13          	addi	t3,t3,1
D:\FC2practicasWS_2025\FC2practicasWS\pr2_b\Debug/../pr2_b.asm:81
		j for1
  70:	fb5ff06f          	j	24 <for1>

00000074 <fin>:
fin():
D:\FC2practicasWS_2025\FC2practicasWS\pr2_b\Debug/../pr2_b.asm:83
fin:
 j fin
  74:	0000006f          	j	74 <fin>
