
pr3_lab.elf:     file format elf32-littleriscv
pr3_lab.elf
architecture: riscv:rv32, flags 0x00000112:
EXEC_P, HAS_SYMS, D_PAGED
start address 0x00000000

Program Header:
    LOAD off    0x00001000 vaddr 0x00000000 paddr 0x00000000 align 2**12
         filesz 0x00000078 memsz 0x00000078 flags r-x
    LOAD off    0x00002000 vaddr 0x00010000 paddr 0x00010000 align 2**12
         filesz 0x00000020 memsz 0x00000024 flags rw-

Sections:
Idx Name              Size      VMA       LMA       File off  Algn  Flags
  0 .text             00000078  00000000  00000000  00001000  2**2  CONTENTS, ALLOC, LOAD, READONLY, CODE
  1 .data             00000020  00010000  00010000  00002000  2**0  CONTENTS, ALLOC, LOAD, DATA
  2 .bss              00000004  00010020  00010020  00002020  2**0  ALLOC
  3 .riscv.attributes 0000001f  00000000  00000000  00002020  2**0  CONTENTS, READONLY
  4 .debug_line       000000db  00000000  00000000  0000203f  2**0  CONTENTS, READONLY, DEBUGGING, OCTETS
  5 .debug_info       00000026  00000000  00000000  0000211a  2**0  CONTENTS, READONLY, DEBUGGING, OCTETS
  6 .debug_abbrev     00000014  00000000  00000000  00002140  2**0  CONTENTS, READONLY, DEBUGGING, OCTETS
  7 .debug_aranges    00000020  00000000  00000000  00002158  2**3  CONTENTS, READONLY, DEBUGGING, OCTETS
  8 .debug_str        0000004f  00000000  00000000  00002178  2**0  CONTENTS, READONLY, DEBUGGING, OCTETS
SYMBOL TABLE:
00000000 l    d  .text	00000000 .text
00010000 l    d  .data	00000000 .data
00010020 l    d  .bss	00000000 .bss
00000000 l    d  .riscv.attributes	00000000 .riscv.attributes
00000000 l    d  .debug_line	00000000 .debug_line
00000000 l    d  .debug_info	00000000 .debug_info
00000000 l    d  .debug_abbrev	00000000 .debug_abbrev
00000000 l    d  .debug_aranges	00000000 .debug_aranges
00000000 l    d  .debug_str	00000000 .debug_str
00000000 l    df *ABS*	00000000 ./pr3_lab.o
00000004 l       *ABS*	00000000 N
00010000 l       .data	00000000 A
00010010 l       .data	00000000 B
00010020 l       .bss	00000000 res
00000038 l       .text	00000000 dotprod
00000034 l       .text	00000000 fin
00000040 l       .text	00000000 for
00000070 l       .text	00000000 then
00000000 g       .text	00000000 main
00020000 g       *ABS*	00000000 _stack



Disassembly of section .text:

00000000 <main>:
main():
D:\FC2practicasWS_2025\FC2practicasWS\pr3_lab\Debug/../pr3_lab.asm:52

main:

// variables normA, normB, A, B y res (s0, s1, s2, s3 y s4)
// iniciamos sp (la memoria empieza en 10000) con ponerlo en 15000 sera suficiente
	li sp, 0x20000
   0:	00020137          	lui	sp,0x20
D:\FC2practicasWS_2025\FC2practicasWS\pr3_lab\Debug/../pr3_lab.asm:57
// depurar el llamar de una funcion a otra (ra)
// devolver parametros por a0??
// cuidado alineamiento pila...
// reservar espacio de pila previamente
	la t0, A
   4:	00010297          	auipc	t0,0x10
   8:	ffc28293          	addi	t0,t0,-4 # 10000 <A>
D:\FC2practicasWS_2025\FC2practicasWS\pr3_lab\Debug/../pr3_lab.asm:58
	la t1, B
   c:	00010317          	auipc	t1,0x10
  10:	00430313          	addi	t1,t1,4 # 10010 <B>
D:\FC2practicasWS_2025\FC2practicasWS\pr3_lab\Debug/../pr3_lab.asm:59
	la a5, res // asi lo pasamos por REFERENCIA
  14:	00010797          	auipc	a5,0x10
  18:	00c78793          	addi	a5,a5,12 # 10020 <res>
D:\FC2practicasWS_2025\FC2practicasWS\pr3_lab\Debug/../pr3_lab.asm:60
	mv s2, t0
  1c:	00028913          	mv	s2,t0
D:\FC2practicasWS_2025\FC2practicasWS\pr3_lab\Debug/../pr3_lab.asm:61
	mv s3, t1
  20:	00030993          	mv	s3,t1
D:\FC2practicasWS_2025\FC2practicasWS\pr3_lab\Debug/../pr3_lab.asm:62
	mv a0, s2
  24:	00090513          	mv	a0,s2
D:\FC2practicasWS_2025\FC2practicasWS\pr3_lab\Debug/../pr3_lab.asm:63
	mv a1, s3
  28:	00098593          	mv	a1,s3
D:\FC2practicasWS_2025\FC2practicasWS\pr3_lab\Debug/../pr3_lab.asm:64
	li a2, N
  2c:	00400613          	li	a2,4
D:\FC2practicasWS_2025\FC2practicasWS\pr3_lab\Debug/../pr3_lab.asm:65
	call dotprod
  30:	008000ef          	jal	ra,38 <dotprod>

00000034 <fin>:
fin():
D:\FC2practicasWS_2025\FC2practicasWS\pr3_lab\Debug/../pr3_lab.asm:67
	fin:
		j fin
  34:	0000006f          	j	34 <fin>

00000038 <dotprod>:
dotprod():
D:\FC2practicasWS_2025\FC2practicasWS\pr3_lab\Debug/../pr3_lab.asm:75
dotprod:

// pasamos V, W y n por a0, a1, a2
// variables: V, W, n, acc, i

	li a3, 0 // acc se guarda en a3 para luego devolverlo (por parametro)
  38:	00000693          	li	a3,0
D:\FC2practicasWS_2025\FC2practicasWS\pr3_lab\Debug/../pr3_lab.asm:76
	li t0, 0 // i se guarda en t0
  3c:	00000293          	li	t0,0

00000040 <for>:
for():
D:\FC2practicasWS_2025\FC2practicasWS\pr3_lab\Debug/../pr3_lab.asm:78
	for:
		bge t0, a2, then
  40:	02c2d863          	bge	t0,a2,70 <then>
D:\FC2practicasWS_2025\FC2practicasWS\pr3_lab\Debug/../pr3_lab.asm:80
		// usamos t1 para cargar las direcciones, t2 y t3 para el valor del array, t4 para desplazar i
		slli t4, t0, 2 // = multiplicar por 4
  44:	00229e93          	slli	t4,t0,0x2
D:\FC2practicasWS_2025\FC2practicasWS\pr3_lab\Debug/../pr3_lab.asm:81
		add t1, a0, t4 // sumamos el valor de i*4 a la direccion t1
  48:	01d50333          	add	t1,a0,t4
D:\FC2practicasWS_2025\FC2practicasWS\pr3_lab\Debug/../pr3_lab.asm:82
		lw t2, 0(t1) // cargamos
  4c:	00032383          	lw	t2,0(t1)
D:\FC2practicasWS_2025\FC2practicasWS\pr3_lab\Debug/../pr3_lab.asm:83
		add t1, a1, t4 // repetimos
  50:	01d58333          	add	t1,a1,t4
D:\FC2practicasWS_2025\FC2practicasWS\pr3_lab\Debug/../pr3_lab.asm:84
		lw t3, 0(t1)
  54:	00032e03          	lw	t3,0(t1)
D:\FC2practicasWS_2025\FC2practicasWS\pr3_lab\Debug/../pr3_lab.asm:86
		// ahora tenemos que llamar a la funcion mul, pasando V y W por parametros a0, a1 y nos devuelve el resultado por a2
		mv a6, t2
  58:	00038813          	mv	a6,t2
D:\FC2practicasWS_2025\FC2practicasWS\pr3_lab\Debug/../pr3_lab.asm:87
		mv a7, t3
  5c:	000e0893          	mv	a7,t3
D:\FC2practicasWS_2025\FC2practicasWS\pr3_lab\Debug/../pr3_lab.asm:89
		// ya estan a0 y a1 en sus respectivos registros,
		mul t5, a6, a7
  60:	03180f33          	mul	t5,a6,a7
D:\FC2practicasWS_2025\FC2practicasWS\pr3_lab\Debug/../pr3_lab.asm:92
		// nos devuelve el resultado por a2
		// sumamos al antiguo valor de acc
		add a3, t5, a3
  64:	00df06b3          	add	a3,t5,a3
D:\FC2practicasWS_2025\FC2practicasWS\pr3_lab\Debug/../pr3_lab.asm:94
		// sumamos uno a i y volvemos a empezar
		addi t0, t0, 1
  68:	00128293          	addi	t0,t0,1
D:\FC2practicasWS_2025\FC2practicasWS\pr3_lab\Debug/../pr3_lab.asm:95
		j for
  6c:	fd5ff06f          	j	40 <for>

00000070 <then>:
then():
D:\FC2practicasWS_2025\FC2practicasWS\pr3_lab\Debug/../pr3_lab.asm:98
	then:
		// devolvemos por REFERENCIA res en a5
		sw a3, 0(a5)
  70:	00d7a023          	sw	a3,0(a5)
D:\FC2practicasWS_2025\FC2practicasWS\pr3_lab\Debug/../pr3_lab.asm:99
		ret
  74:	00008067          	ret
